<?xml version="1.0" encoding="UTF-8"?>
<!-- Generated by org.testng.reporters.JUnitReportReporter -->
<testsuite skipped="0" hostname="hp" name="org.seleniumtesters.Final" tests="1" failures="0" timestamp="11 Nov 2019 10:42:09 GMT" time="0.015" errors="0">
  <testcase name="display" time="0.015" classname="org.seleniumtesters.Final"/>
</testsuite> <!-- org.seleniumtesters.Final -->
